app/build/outputs/logs/manifest-merger-debug-report.txt
-- Merging decision tree log ---
manifest
ADDED from src\main\AndroidManifest.xml:2:1-35:12
	package
		ADDED from src\main\AndroidManifest.xml:2:70-110
		INJECTED from src\main\AndroidManifest.xml
		INJECTED from src\main\AndroidManifest.xml
	android:versionName
		ADDED from src\main\AndroidManifest.xml:3:29-54
		INJECTED from src\main\AndroidManifest.xml
		INJECTED from src\main\AndroidManifest.xml
	android:versionCode
		ADDED from src\main\AndroidManifest.xml:3:5-28
		INJECTED from src\main\AndroidManifest.xml
		INJECTED from src\main\AndroidManifest.xml
	xmlns:android
		ADDED from src\main\AndroidManifest.xml:2:11-69
uses-sdk
ADDED from src\main\AndroidManifest.xml:5:5-44
	android:targetSdkVersion
		INJECTED from src\main\AndroidManifest.xml
		INJECTED from src\main\AndroidManifest.xml
	android:minSdkVersion
		ADDED from src\main\AndroidManifest.xml:5:15-41
		INJECTED from src\main\AndroidManifest.xml
		INJECTED from src\main\AndroidManifest.xml
uses-permission#android.permission.ACCESS_WIFI_STATE
ADDED from src\main\AndroidManifest.xml:6:5-76
	android:name
		ADDED from src\main\AndroidManifest.xml:6:22-73
uses-permission#android.permission.CHANGE_WIFI_STATE
ADDED from src\main\AndroidManifest.xml:7:5-76
	android:name
		ADDED from src\main\AndroidManifest.xml:7:22-73
uses-permission#android.permission.CHANGE_NETWORK_STATE
ADDED from src\main\AndroidManifest.xml:8:5-79
	android:name
		ADDED from src\main\AndroidManifest.xml:8:22-76
uses-permission#android.permission.INTERNET
ADDED from src\main\AndroidManifest.xml:9:5-67
	android:name
		ADDED from src\main\AndroidManifest.xml:9:22-64
uses-permission#android.permission.ACCESS_NETWORK_STATE
ADDED from src\main\AndroidManifest.xml:10:5-79
	android:name
		ADDED from src\main\AndroidManifest.xml:10:22-76
uses-permission#android.permission.WRITE_EXTERNAL_STORAGE
ADDED from src\main\AndroidManifest.xml:11:5-81
	android:name
		ADDED from src\main\AndroidManifest.xml:11:22-78
uses-feature#android.hardware.wifi.direct
ADDED from src\main\AndroidManifest.xml:14:5-88
	android:required
		ADDED from src\main\AndroidManifest.xml:14:63-86
	android:name
		ADDED from src\main\AndroidManifest.xml:14:19-62
application
ADDED from src\main\AndroidManifest.xml:16:5-34:19
	android:label
		ADDED from src\main\AndroidManifest.xml:18:9-41
	android:icon
		ADDED from src\main\AndroidManifest.xml:17:9-45
	android:theme
		ADDED from src\main\AndroidManifest.xml:19:9-50
activity#com.example.android.wifidirect.WiFiDirectActivity
ADDED from src\main\AndroidManifest.xml:20:9-29:20
	android:label
		ADDED from src\main\AndroidManifest.xml:22:13-45
	android:launchMode
		ADDED from src\main\AndroidManifest.xml:22:46-77
	android:name
		ADDED from src\main\AndroidManifest.xml:21:13-47
intent-filter#android.intent.action.MAIN+android.intent.category.LAUNCHER
ADDED from src\main\AndroidManifest.xml:23:13-28:29
action#android.intent.action.MAIN
ADDED from src\main\AndroidManifest.xml:24:17-25:65
	android:name
		ADDED from src\main\AndroidManifest.xml:25:21-62
category#android.intent.category.LAUNCHER
ADDED from src\main\AndroidManifest.xml:26:17-27:71
	android:name
		ADDED from src\main\AndroidManifest.xml:27:21-68
service#com.example.android.wifidirect.FileTransferService
ADDED from src\main\AndroidManifest.xml:32:9-79
	android:enabled
		ADDED from src\main\AndroidManifest.xml:32:18-40
	android:name
		ADDED from src\main\AndroidManifest.xml:32:41-76